<?xml version="1.0" encoding="UTF-8"?>
<testng-results skipped="0" failed="0" total="1" passed="1">
  <reporter-output>
  </reporter-output>
  <suite name="Command line suite" duration-ms="27" started-at="2017-01-13T06:08:30Z" finished-at="2017-01-13T06:08:30Z">
    <groups>
    </groups>
    <test name="Command line test" duration-ms="27" started-at="2017-01-13T06:08:30Z" finished-at="2017-01-13T06:08:30Z">
      <class name="com.sanjeev.sample.BSTTest">
        <test-method status="PASS" signature="Test()[pri:0, instance:com.sanjeev.sample.BSTTest@6fd02e5]" name="Test" duration-ms="15" started-at="2017-01-13T11:38:30Z" finished-at="2017-01-13T11:38:30Z">
          <reporter-output>
          </reporter-output>
        </test-method> <!-- Test -->
      </class> <!-- com.sanjeev.sample.BSTTest -->
    </test> <!-- Command line test -->
  </suite> <!-- Command line suite -->
</testng-results>
